<?xml version="1.0" encoding="UTF-8" ?>
<testsuite tests="1" failures="0" name="app.metatron.hiveudf.GetTimestampTest" time="0.065" errors="0" skipped="0">
  <properties>
    <property name="idea.version" value="2018.3.1"/>
    <property name="java.runtime.name" value="Java(TM) SE Runtime Environment"/>
    <property name="sun.boot.library.path" value="/Library/Java/JavaVirtualMachines/jdk1.8.0_172.jdk/Contents/Home/jre/lib"/>
    <property name="java.vm.version" value="25.172-b11"/>
    <property name="gopherProxySet" value="false"/>
    <property name="java.vm.vendor" value="Oracle Corporation"/>
    <property name="java.vendor.url" value="http://java.oracle.com/"/>
    <property name="path.separator" value=":"/>
    <property name="java.vm.name" value="Java HotSpot(TM) 64-Bit Server VM"/>
    <property name="file.encoding.pkg" value="sun.io"/>
    <property name="user.country" value="KR"/>
    <property name="sun.java.launcher" value="SUN_STANDARD"/>
    <property name="sun.os.patch.level" value="unknown"/>
    <property name="java.vm.specification.name" value="Java Virtual Machine Specification"/>
    <property name="user.dir" value="/Users/jungil/srcRepository/hiveudf"/>
    <property name="java.runtime.version" value="1.8.0_172-b11"/>
    <property name="java.awt.graphicsenv" value="sun.awt.CGraphicsEnvironment"/>
    <property name="basedir" value="/Users/jungil/srcRepository/hiveudf"/>
    <property name="java.endorsed.dirs" value="/Library/Java/JavaVirtualMachines/jdk1.8.0_172.jdk/Contents/Home/jre/lib/endorsed"/>
    <property name="os.arch" value="x86_64"/>
    <property name="surefire.real.class.path" value="/Users/jungil/srcRepository/hiveudf/target/surefire/surefirebooter2663655272943878000.jar"/>
    <property name="java.io.tmpdir" value="/var/folders/96/hdsm1g31513fq33s3sv4nwp00000gn/T/"/>
    <property name="line.separator" value="
"/>
    <property name="java.vm.specification.vendor" value="Oracle Corporation"/>
    <property name="os.name" value="Mac OS X"/>
    <property name="sun.jnu.encoding" value="UTF-8"/>
    <property name="java.library.path" value="/Users/jungil/Library/Java/Extensions:/Library/Java/Extensions:/Network/Library/Java/Extensions:/System/Library/Java/Extensions:/usr/lib/java:."/>
    <property name="surefire.test.class.path" value="/Users/jungil/srcRepository/hiveudf/target/test-classes:/Users/jungil/srcRepository/hiveudf/target/classes:/Users/jungil/.m2/repository/org/apache/hadoop/hadoop-client/2.7.3/hadoop-client-2.7.3.jar:/Users/jungil/.m2/repository/org/apache/hadoop/hadoop-common/2.7.3/hadoop-common-2.7.3.jar:/Users/jungil/.m2/repository/com/google/guava/guava/11.0.2/guava-11.0.2.jar:/Users/jungil/.m2/repository/commons-cli/commons-cli/1.2/commons-cli-1.2.jar:/Users/jungil/.m2/repository/org/apache/commons/commons-math3/3.1.1/commons-math3-3.1.1.jar:/Users/jungil/.m2/repository/xmlenc/xmlenc/0.52/xmlenc-0.52.jar:/Users/jungil/.m2/repository/commons-net/commons-net/3.1/commons-net-3.1.jar:/Users/jungil/.m2/repository/commons-collections/commons-collections/3.2.2/commons-collections-3.2.2.jar:/Users/jungil/.m2/repository/javax/servlet/jsp/jsp-api/2.1/jsp-api-2.1.jar:/Users/jungil/.m2/repository/commons-logging/commons-logging/1.1.3/commons-logging-1.1.3.jar:/Users/jungil/.m2/repository/log4j/log4j/1.2.17/log4j-1.2.17.jar:/Users/jungil/.m2/repository/commons-lang/commons-lang/2.6/commons-lang-2.6.jar:/Users/jungil/.m2/repository/commons-configuration/commons-configuration/1.6/commons-configuration-1.6.jar:/Users/jungil/.m2/repository/commons-digester/commons-digester/1.8/commons-digester-1.8.jar:/Users/jungil/.m2/repository/commons-beanutils/commons-beanutils/1.7.0/commons-beanutils-1.7.0.jar:/Users/jungil/.m2/repository/commons-beanutils/commons-beanutils-core/1.8.0/commons-beanutils-core-1.8.0.jar:/Users/jungil/.m2/repository/org/slf4j/slf4j-log4j12/1.7.10/slf4j-log4j12-1.7.10.jar:/Users/jungil/.m2/repository/org/codehaus/jackson/jackson-core-asl/1.9.13/jackson-core-asl-1.9.13.jar:/Users/jungil/.m2/repository/org/codehaus/jackson/jackson-mapper-asl/1.9.13/jackson-mapper-asl-1.9.13.jar:/Users/jungil/.m2/repository/org/apache/avro/avro/1.7.4/avro-1.7.4.jar:/Users/jungil/.m2/repository/com/thoughtworks/paranamer/paranamer/2.3/paranamer-2.3.jar:/Users/jungil/.m2/repository/org/xerial/snappy/snappy-java/1.0.4.1/snappy-java-1.0.4.1.jar:/Users/jungil/.m2/repository/com/google/protobuf/protobuf-java/2.5.0/protobuf-java-2.5.0.jar:/Users/jungil/.m2/repository/org/apache/hadoop/hadoop-auth/2.7.3/hadoop-auth-2.7.3.jar:/Users/jungil/.m2/repository/org/apache/directory/server/apacheds-kerberos-codec/2.0.0-M15/apacheds-kerberos-codec-2.0.0-M15.jar:/Users/jungil/.m2/repository/org/apache/directory/server/apacheds-i18n/2.0.0-M15/apacheds-i18n-2.0.0-M15.jar:/Users/jungil/.m2/repository/org/apache/directory/api/api-asn1-api/1.0.0-M20/api-asn1-api-1.0.0-M20.jar:/Users/jungil/.m2/repository/org/apache/directory/api/api-util/1.0.0-M20/api-util-1.0.0-M20.jar:/Users/jungil/.m2/repository/org/apache/curator/curator-client/2.7.1/curator-client-2.7.1.jar:/Users/jungil/.m2/repository/org/apache/curator/curator-recipes/2.7.1/curator-recipes-2.7.1.jar:/Users/jungil/.m2/repository/com/google/code/findbugs/jsr305/3.0.0/jsr305-3.0.0.jar:/Users/jungil/.m2/repository/org/apache/htrace/htrace-core/3.1.0-incubating/htrace-core-3.1.0-incubating.jar:/Users/jungil/.m2/repository/org/apache/hadoop/hadoop-hdfs/2.7.3/hadoop-hdfs-2.7.3.jar:/Users/jungil/.m2/repository/org/mortbay/jetty/jetty-util/6.1.26/jetty-util-6.1.26.jar:/Users/jungil/.m2/repository/io/netty/netty/3.6.2.Final/netty-3.6.2.Final.jar:/Users/jungil/.m2/repository/io/netty/netty-all/4.0.23.Final/netty-all-4.0.23.Final.jar:/Users/jungil/.m2/repository/xerces/xercesImpl/2.9.1/xercesImpl-2.9.1.jar:/Users/jungil/.m2/repository/xml-apis/xml-apis/1.3.04/xml-apis-1.3.04.jar:/Users/jungil/.m2/repository/org/fusesource/leveldbjni/leveldbjni-all/1.8/leveldbjni-all-1.8.jar:/Users/jungil/.m2/repository/org/apache/hadoop/hadoop-mapreduce-client-app/2.7.3/hadoop-mapreduce-client-app-2.7.3.jar:/Users/jungil/.m2/repository/org/apache/hadoop/hadoop-mapreduce-client-common/2.7.3/hadoop-mapreduce-client-common-2.7.3.jar:/Users/jungil/.m2/repository/org/apache/hadoop/hadoop-yarn-client/2.7.3/hadoop-yarn-client-2.7.3.jar:/Users/jungil/.m2/repository/org/apache/hadoop/hadoop-yarn-server-common/2.7.3/hadoop-yarn-server-common-2.7.3.jar:/Users/jungil/.m2/repository/org/apache/hadoop/hadoop-mapreduce-client-shuffle/2.7.3/hadoop-mapreduce-client-shuffle-2.7.3.jar:/Users/jungil/.m2/repository/org/apache/hadoop/hadoop-yarn-api/2.7.3/hadoop-yarn-api-2.7.3.jar:/Users/jungil/.m2/repository/org/apache/hadoop/hadoop-mapreduce-client-core/2.7.3/hadoop-mapreduce-client-core-2.7.3.jar:/Users/jungil/.m2/repository/org/apache/hadoop/hadoop-yarn-common/2.7.3/hadoop-yarn-common-2.7.3.jar:/Users/jungil/.m2/repository/javax/xml/bind/jaxb-api/2.2.2/jaxb-api-2.2.2.jar:/Users/jungil/.m2/repository/javax/xml/stream/stax-api/1.0-2/stax-api-1.0-2.jar:/Users/jungil/.m2/repository/javax/activation/activation/1.1/activation-1.1.jar:/Users/jungil/.m2/repository/javax/servlet/servlet-api/2.5/servlet-api-2.5.jar:/Users/jungil/.m2/repository/com/sun/jersey/jersey-core/1.9/jersey-core-1.9.jar:/Users/jungil/.m2/repository/com/sun/jersey/jersey-client/1.9/jersey-client-1.9.jar:/Users/jungil/.m2/repository/org/codehaus/jackson/jackson-jaxrs/1.9.13/jackson-jaxrs-1.9.13.jar:/Users/jungil/.m2/repository/org/codehaus/jackson/jackson-xc/1.9.13/jackson-xc-1.9.13.jar:/Users/jungil/.m2/repository/org/apache/hadoop/hadoop-mapreduce-client-jobclient/2.7.3/hadoop-mapreduce-client-jobclient-2.7.3.jar:/Users/jungil/.m2/repository/org/apache/hadoop/hadoop-annotations/2.7.3/hadoop-annotations-2.7.3.jar:/Users/jungil/.m2/repository/org/apache/hive/hive-exec/2.3.2/hive-exec-2.3.2.jar:/Users/jungil/.m2/repository/org/apache/hive/hive-vector-code-gen/2.3.2/hive-vector-code-gen-2.3.2.jar:/Users/jungil/.m2/repository/org/apache/velocity/velocity/1.5/velocity-1.5.jar:/Users/jungil/.m2/repository/oro/oro/2.0.8/oro-2.0.8.jar:/Users/jungil/.m2/repository/org/apache/hive/hive-llap-tez/2.3.2/hive-llap-tez-2.3.2.jar:/Users/jungil/.m2/repository/org/apache/hive/hive-common/2.3.2/hive-common-2.3.2.jar:/Users/jungil/.m2/repository/org/apache/hive/hive-storage-api/2.4.0/hive-storage-api-2.4.0.jar:/Users/jungil/.m2/repository/org/apache/orc/orc-core/1.3.3/orc-core-1.3.3.jar:/Users/jungil/.m2/repository/io/airlift/aircompressor/0.3/aircompressor-0.3.jar:/Users/jungil/.m2/repository/org/eclipse/jetty/aggregate/jetty-all/7.6.0.v20120127/jetty-all-7.6.0.v20120127.jar:/Users/jungil/.m2/repository/org/apache/geronimo/specs/geronimo-jta_1.1_spec/1.1.1/geronimo-jta_1.1_spec-1.1.1.jar:/Users/jungil/.m2/repository/javax/mail/mail/1.4.1/mail-1.4.1.jar:/Users/jungil/.m2/repository/org/apache/geronimo/specs/geronimo-jaspic_1.0_spec/1.0/geronimo-jaspic_1.0_spec-1.0.jar:/Users/jungil/.m2/repository/org/apache/geronimo/specs/geronimo-annotation_1.0_spec/1.1.1/geronimo-annotation_1.0_spec-1.1.1.jar:/Users/jungil/.m2/repository/asm/asm-commons/3.1/asm-commons-3.1.jar:/Users/jungil/.m2/repository/asm/asm-tree/3.1/asm-tree-3.1.jar:/Users/jungil/.m2/repository/asm/asm/3.1/asm-3.1.jar:/Users/jungil/.m2/repository/org/eclipse/jetty/orbit/javax.servlet/3.0.0.v201112011016/javax.servlet-3.0.0.v201112011016.jar:/Users/jungil/.m2/repository/org/apache/logging/log4j/log4j-web/2.6.2/log4j-web-2.6.2.jar:/Users/jungil/.m2/repository/com/tdunning/json/1.8/json-1.8.jar:/Users/jungil/.m2/repository/io/dropwizard/metrics/metrics-core/3.1.0/metrics-core-3.1.0.jar:/Users/jungil/.m2/repository/io/dropwizard/metrics/metrics-jvm/3.1.0/metrics-jvm-3.1.0.jar:/Users/jungil/.m2/repository/io/dropwizard/metrics/metrics-json/3.1.0/metrics-json-3.1.0.jar:/Users/jungil/.m2/repository/com/fasterxml/jackson/core/jackson-databind/2.6.5/jackson-databind-2.6.5.jar:/Users/jungil/.m2/repository/com/fasterxml/jackson/core/jackson-annotations/2.6.0/jackson-annotations-2.6.0.jar:/Users/jungil/.m2/repository/com/fasterxml/jackson/core/jackson-core/2.6.5/jackson-core-2.6.5.jar:/Users/jungil/.m2/repository/com/github/joshelser/dropwizard-metrics-hadoop-metrics2-reporter/0.1.2/dropwizard-metrics-hadoop-metrics2-reporter-0.1.2.jar:/Users/jungil/.m2/repository/org/apache/hive/hive-llap-client/2.3.2/hive-llap-client-2.3.2.jar:/Users/jungil/.m2/repository/org/apache/hive/hive-llap-common/2.3.2/hive-llap-common-2.3.2.jar:/Users/jungil/.m2/repository/org/apache/hive/hive-serde/2.3.2/hive-serde-2.3.2.jar:/Users/jungil/.m2/repository/org/apache/hive/hive-service-rpc/2.3.2/hive-service-rpc-2.3.2.jar:/Users/jungil/.m2/repository/tomcat/jasper-compiler/5.5.23/jasper-compiler-5.5.23.jar:/Users/jungil/.m2/repository/javax/servlet/jsp-api/2.0/jsp-api-2.0.jar:/Users/jungil/.m2/repository/ant/ant/1.6.5/ant-1.6.5.jar:/Users/jungil/.m2/repository/tomcat/jasper-runtime/5.5.23/jasper-runtime-5.5.23.jar:/Users/jungil/.m2/repository/commons-el/commons-el/1.0/commons-el-1.0.jar:/Users/jungil/.m2/repository/org/apache/thrift/libfb303/0.9.3/libfb303-0.9.3.jar:/Users/jungil/.m2/repository/net/sf/opencsv/opencsv/2.3/opencsv-2.3.jar:/Users/jungil/.m2/repository/org/apache/parquet/parquet-hadoop-bundle/1.8.1/parquet-hadoop-bundle-1.8.1.jar:/Users/jungil/.m2/repository/org/apache/commons/commons-lang3/3.1/commons-lang3-3.1.jar:/Users/jungil/.m2/repository/org/apache/hive/hive-shims/2.3.2/hive-shims-2.3.2.jar:/Users/jungil/.m2/repository/org/apache/hive/shims/hive-shims-common/2.3.2/hive-shims-common-2.3.2.jar:/Users/jungil/.m2/repository/org/apache/thrift/libthrift/0.9.3/libthrift-0.9.3.jar:/Users/jungil/.m2/repository/org/apache/hive/shims/hive-shims-0.23/2.3.2/hive-shims-0.23-2.3.2.jar:/Users/jungil/.m2/repository/org/apache/hadoop/hadoop-yarn-server-resourcemanager/2.7.2/hadoop-yarn-server-resourcemanager-2.7.2.jar:/Users/jungil/.m2/repository/com/google/inject/extensions/guice-servlet/3.0/guice-servlet-3.0.jar:/Users/jungil/.m2/repository/com/google/inject/guice/3.0/guice-3.0.jar:/Users/jungil/.m2/repository/javax/inject/javax.inject/1/javax.inject-1.jar:/Users/jungil/.m2/repository/aopalliance/aopalliance/1.0/aopalliance-1.0.jar:/Users/jungil/.m2/repository/com/sun/jersey/jersey-json/1.9/jersey-json-1.9.jar:/Users/jungil/.m2/repository/com/sun/xml/bind/jaxb-impl/2.2.3-1/jaxb-impl-2.2.3-1.jar:/Users/jungil/.m2/repository/com/sun/jersey/contribs/jersey-guice/1.9/jersey-guice-1.9.jar:/Users/jungil/.m2/repository/com/sun/jersey/jersey-server/1.9/jersey-server-1.9.jar:/Users/jungil/.m2/repository/org/codehaus/jettison/jettison/1.1/jettison-1.1.jar:/Users/jungil/.m2/repository/org/apache/hadoop/hadoop-yarn-server-applicationhistoryservice/2.7.2/hadoop-yarn-server-applicationhistoryservice-2.7.2.jar:/Users/jungil/.m2/repository/org/apache/hadoop/hadoop-yarn-server-web-proxy/2.7.2/hadoop-yarn-server-web-proxy-2.7.2.jar:/Users/jungil/.m2/repository/org/mortbay/jetty/jetty/6.1.26/jetty-6.1.26.jar:/Users/jungil/.m2/repository/org/apache/zookeeper/zookeeper/3.4.6/zookeeper-3.4.6-tests.jar:/Users/jungil/.m2/repository/org/apache/hive/shims/hive-shims-scheduler/2.3.2/hive-shims-scheduler-2.3.2.jar:/Users/jungil/.m2/repository/commons-codec/commons-codec/1.4/commons-codec-1.4.jar:/Users/jungil/.m2/repository/commons-httpclient/commons-httpclient/3.0.1/commons-httpclient-3.0.1.jar:/Users/jungil/.m2/repository/commons-io/commons-io/2.4/commons-io-2.4.jar:/Users/jungil/.m2/repository/org/apache/logging/log4j/log4j-1.2-api/2.6.2/log4j-1.2-api-2.6.2.jar:/Users/jungil/.m2/repository/org/apache/logging/log4j/log4j-api/2.6.2/log4j-api-2.6.2.jar:/Users/jungil/.m2/repository/org/apache/logging/log4j/log4j-core/2.6.2/log4j-core-2.6.2.jar:/Users/jungil/.m2/repository/org/apache/logging/log4j/log4j-slf4j-impl/2.6.2/log4j-slf4j-impl-2.6.2.jar:/Users/jungil/.m2/repository/org/antlr/antlr-runtime/3.5.2/antlr-runtime-3.5.2.jar:/Users/jungil/.m2/repository/org/antlr/ST4/4.0.4/ST4-4.0.4.jar:/Users/jungil/.m2/repository/org/apache/ant/ant/1.9.1/ant-1.9.1.jar:/Users/jungil/.m2/repository/org/apache/ant/ant-launcher/1.9.1/ant-launcher-1.9.1.jar:/Users/jungil/.m2/repository/org/apache/commons/commons-compress/1.9/commons-compress-1.9.jar:/Users/jungil/.m2/repository/org/apache/ivy/ivy/2.4.0/ivy-2.4.0.jar:/Users/jungil/.m2/repository/org/apache/zookeeper/zookeeper/3.4.6/zookeeper-3.4.6.jar:/Users/jungil/.m2/repository/jline/jline/0.9.94/jline-0.9.94.jar:/Users/jungil/.m2/repository/org/apache/curator/curator-framework/2.7.1/curator-framework-2.7.1.jar:/Users/jungil/.m2/repository/org/codehaus/groovy/groovy-all/2.4.4/groovy-all-2.4.4.jar:/Users/jungil/.m2/repository/org/datanucleus/datanucleus-core/4.1.17/datanucleus-core-4.1.17.jar:/Users/jungil/.m2/repository/org/apache/calcite/calcite-core/1.10.0/calcite-core-1.10.0.jar:/Users/jungil/.m2/repository/org/apache/calcite/calcite-linq4j/1.10.0/calcite-linq4j-1.10.0.jar:/Users/jungil/.m2/repository/commons-dbcp/commons-dbcp/1.4/commons-dbcp-1.4.jar:/Users/jungil/.m2/repository/commons-pool/commons-pool/1.5.4/commons-pool-1.5.4.jar:/Users/jungil/.m2/repository/net/hydromatic/eigenbase-properties/1.1.5/eigenbase-properties-1.1.5.jar:/Users/jungil/.m2/repository/org/codehaus/janino/janino/2.7.6/janino-2.7.6.jar:/Users/jungil/.m2/repository/org/codehaus/janino/commons-compiler/2.7.6/commons-compiler-2.7.6.jar:/Users/jungil/.m2/repository/org/pentaho/pentaho-aggdesigner-algorithm/5.1.5-jhyde/pentaho-aggdesigner-algorithm-5.1.5-jhyde.jar:/Users/jungil/.m2/repository/org/apache/calcite/calcite-druid/1.10.0/calcite-druid-1.10.0.jar:/Users/jungil/.m2/repository/joda-time/joda-time/2.8.1/joda-time-2.8.1.jar:/Users/jungil/.m2/repository/org/apache/calcite/avatica/avatica/1.8.0/avatica-1.8.0.jar:/Users/jungil/.m2/repository/org/apache/calcite/avatica/avatica-metrics/1.8.0/avatica-metrics-1.8.0.jar:/Users/jungil/.m2/repository/org/apache/httpcomponents/httpclient/4.5.2/httpclient-4.5.2.jar:/Users/jungil/.m2/repository/org/apache/httpcomponents/httpcore/4.4.4/httpcore-4.4.4.jar:/Users/jungil/.m2/repository/com/google/code/gson/gson/2.2.4/gson-2.2.4.jar:/Users/jungil/.m2/repository/stax/stax-api/1.0.1/stax-api-1.0.1.jar:/Users/jungil/.m2/repository/org/slf4j/slf4j-api/1.7.10/slf4j-api-1.7.10.jar:/Users/jungil/.m2/repository/junit/junit/4.8.2/junit-4.8.2.jar:"/>
    <property name="java.specification.name" value="Java Platform API Specification"/>
    <property name="java.class.version" value="52.0"/>
    <property name="sun.management.compiler" value="HotSpot 64-Bit Tiered Compilers"/>
    <property name="os.version" value="10.14.2"/>
    <property name="http.nonProxyHosts" value="local|*.local|169.254/16|*.169.254/16"/>
    <property name="user.home" value="/Users/jungil"/>
    <property name="user.timezone" value="Asia/Seoul"/>
    <property name="java.awt.printerjob" value="sun.lwawt.macosx.CPrinterJob"/>
    <property name="java.specification.version" value="1.8"/>
    <property name="file.encoding" value="UTF-8"/>
    <property name="user.name" value="jungil"/>
    <property name="java.class.path" value="/Users/jungil/srcRepository/hiveudf/target/test-classes:/Users/jungil/srcRepository/hiveudf/target/classes:/Users/jungil/.m2/repository/org/apache/hadoop/hadoop-client/2.7.3/hadoop-client-2.7.3.jar:/Users/jungil/.m2/repository/org/apache/hadoop/hadoop-common/2.7.3/hadoop-common-2.7.3.jar:/Users/jungil/.m2/repository/com/google/guava/guava/11.0.2/guava-11.0.2.jar:/Users/jungil/.m2/repository/commons-cli/commons-cli/1.2/commons-cli-1.2.jar:/Users/jungil/.m2/repository/org/apache/commons/commons-math3/3.1.1/commons-math3-3.1.1.jar:/Users/jungil/.m2/repository/xmlenc/xmlenc/0.52/xmlenc-0.52.jar:/Users/jungil/.m2/repository/commons-net/commons-net/3.1/commons-net-3.1.jar:/Users/jungil/.m2/repository/commons-collections/commons-collections/3.2.2/commons-collections-3.2.2.jar:/Users/jungil/.m2/repository/javax/servlet/jsp/jsp-api/2.1/jsp-api-2.1.jar:/Users/jungil/.m2/repository/commons-logging/commons-logging/1.1.3/commons-logging-1.1.3.jar:/Users/jungil/.m2/repository/log4j/log4j/1.2.17/log4j-1.2.17.jar:/Users/jungil/.m2/repository/commons-lang/commons-lang/2.6/commons-lang-2.6.jar:/Users/jungil/.m2/repository/commons-configuration/commons-configuration/1.6/commons-configuration-1.6.jar:/Users/jungil/.m2/repository/commons-digester/commons-digester/1.8/commons-digester-1.8.jar:/Users/jungil/.m2/repository/commons-beanutils/commons-beanutils/1.7.0/commons-beanutils-1.7.0.jar:/Users/jungil/.m2/repository/commons-beanutils/commons-beanutils-core/1.8.0/commons-beanutils-core-1.8.0.jar:/Users/jungil/.m2/repository/org/slf4j/slf4j-log4j12/1.7.10/slf4j-log4j12-1.7.10.jar:/Users/jungil/.m2/repository/org/codehaus/jackson/jackson-core-asl/1.9.13/jackson-core-asl-1.9.13.jar:/Users/jungil/.m2/repository/org/codehaus/jackson/jackson-mapper-asl/1.9.13/jackson-mapper-asl-1.9.13.jar:/Users/jungil/.m2/repository/org/apache/avro/avro/1.7.4/avro-1.7.4.jar:/Users/jungil/.m2/repository/com/thoughtworks/paranamer/paranamer/2.3/paranamer-2.3.jar:/Users/jungil/.m2/repository/org/xerial/snappy/snappy-java/1.0.4.1/snappy-java-1.0.4.1.jar:/Users/jungil/.m2/repository/com/google/protobuf/protobuf-java/2.5.0/protobuf-java-2.5.0.jar:/Users/jungil/.m2/repository/org/apache/hadoop/hadoop-auth/2.7.3/hadoop-auth-2.7.3.jar:/Users/jungil/.m2/repository/org/apache/directory/server/apacheds-kerberos-codec/2.0.0-M15/apacheds-kerberos-codec-2.0.0-M15.jar:/Users/jungil/.m2/repository/org/apache/directory/server/apacheds-i18n/2.0.0-M15/apacheds-i18n-2.0.0-M15.jar:/Users/jungil/.m2/repository/org/apache/directory/api/api-asn1-api/1.0.0-M20/api-asn1-api-1.0.0-M20.jar:/Users/jungil/.m2/repository/org/apache/directory/api/api-util/1.0.0-M20/api-util-1.0.0-M20.jar:/Users/jungil/.m2/repository/org/apache/curator/curator-client/2.7.1/curator-client-2.7.1.jar:/Users/jungil/.m2/repository/org/apache/curator/curator-recipes/2.7.1/curator-recipes-2.7.1.jar:/Users/jungil/.m2/repository/com/google/code/findbugs/jsr305/3.0.0/jsr305-3.0.0.jar:/Users/jungil/.m2/repository/org/apache/htrace/htrace-core/3.1.0-incubating/htrace-core-3.1.0-incubating.jar:/Users/jungil/.m2/repository/org/apache/hadoop/hadoop-hdfs/2.7.3/hadoop-hdfs-2.7.3.jar:/Users/jungil/.m2/repository/org/mortbay/jetty/jetty-util/6.1.26/jetty-util-6.1.26.jar:/Users/jungil/.m2/repository/io/netty/netty/3.6.2.Final/netty-3.6.2.Final.jar:/Users/jungil/.m2/repository/io/netty/netty-all/4.0.23.Final/netty-all-4.0.23.Final.jar:/Users/jungil/.m2/repository/xerces/xercesImpl/2.9.1/xercesImpl-2.9.1.jar:/Users/jungil/.m2/repository/xml-apis/xml-apis/1.3.04/xml-apis-1.3.04.jar:/Users/jungil/.m2/repository/org/fusesource/leveldbjni/leveldbjni-all/1.8/leveldbjni-all-1.8.jar:/Users/jungil/.m2/repository/org/apache/hadoop/hadoop-mapreduce-client-app/2.7.3/hadoop-mapreduce-client-app-2.7.3.jar:/Users/jungil/.m2/repository/org/apache/hadoop/hadoop-mapreduce-client-common/2.7.3/hadoop-mapreduce-client-common-2.7.3.jar:/Users/jungil/.m2/repository/org/apache/hadoop/hadoop-yarn-client/2.7.3/hadoop-yarn-client-2.7.3.jar:/Users/jungil/.m2/repository/org/apache/hadoop/hadoop-yarn-server-common/2.7.3/hadoop-yarn-server-common-2.7.3.jar:/Users/jungil/.m2/repository/org/apache/hadoop/hadoop-mapreduce-client-shuffle/2.7.3/hadoop-mapreduce-client-shuffle-2.7.3.jar:/Users/jungil/.m2/repository/org/apache/hadoop/hadoop-yarn-api/2.7.3/hadoop-yarn-api-2.7.3.jar:/Users/jungil/.m2/repository/org/apache/hadoop/hadoop-mapreduce-client-core/2.7.3/hadoop-mapreduce-client-core-2.7.3.jar:/Users/jungil/.m2/repository/org/apache/hadoop/hadoop-yarn-common/2.7.3/hadoop-yarn-common-2.7.3.jar:/Users/jungil/.m2/repository/javax/xml/bind/jaxb-api/2.2.2/jaxb-api-2.2.2.jar:/Users/jungil/.m2/repository/javax/xml/stream/stax-api/1.0-2/stax-api-1.0-2.jar:/Users/jungil/.m2/repository/javax/activation/activation/1.1/activation-1.1.jar:/Users/jungil/.m2/repository/javax/servlet/servlet-api/2.5/servlet-api-2.5.jar:/Users/jungil/.m2/repository/com/sun/jersey/jersey-core/1.9/jersey-core-1.9.jar:/Users/jungil/.m2/repository/com/sun/jersey/jersey-client/1.9/jersey-client-1.9.jar:/Users/jungil/.m2/repository/org/codehaus/jackson/jackson-jaxrs/1.9.13/jackson-jaxrs-1.9.13.jar:/Users/jungil/.m2/repository/org/codehaus/jackson/jackson-xc/1.9.13/jackson-xc-1.9.13.jar:/Users/jungil/.m2/repository/org/apache/hadoop/hadoop-mapreduce-client-jobclient/2.7.3/hadoop-mapreduce-client-jobclient-2.7.3.jar:/Users/jungil/.m2/repository/org/apache/hadoop/hadoop-annotations/2.7.3/hadoop-annotations-2.7.3.jar:/Users/jungil/.m2/repository/org/apache/hive/hive-exec/2.3.2/hive-exec-2.3.2.jar:/Users/jungil/.m2/repository/org/apache/hive/hive-vector-code-gen/2.3.2/hive-vector-code-gen-2.3.2.jar:/Users/jungil/.m2/repository/org/apache/velocity/velocity/1.5/velocity-1.5.jar:/Users/jungil/.m2/repository/oro/oro/2.0.8/oro-2.0.8.jar:/Users/jungil/.m2/repository/org/apache/hive/hive-llap-tez/2.3.2/hive-llap-tez-2.3.2.jar:/Users/jungil/.m2/repository/org/apache/hive/hive-common/2.3.2/hive-common-2.3.2.jar:/Users/jungil/.m2/repository/org/apache/hive/hive-storage-api/2.4.0/hive-storage-api-2.4.0.jar:/Users/jungil/.m2/repository/org/apache/orc/orc-core/1.3.3/orc-core-1.3.3.jar:/Users/jungil/.m2/repository/io/airlift/aircompressor/0.3/aircompressor-0.3.jar:/Users/jungil/.m2/repository/org/eclipse/jetty/aggregate/jetty-all/7.6.0.v20120127/jetty-all-7.6.0.v20120127.jar:/Users/jungil/.m2/repository/org/apache/geronimo/specs/geronimo-jta_1.1_spec/1.1.1/geronimo-jta_1.1_spec-1.1.1.jar:/Users/jungil/.m2/repository/javax/mail/mail/1.4.1/mail-1.4.1.jar:/Users/jungil/.m2/repository/org/apache/geronimo/specs/geronimo-jaspic_1.0_spec/1.0/geronimo-jaspic_1.0_spec-1.0.jar:/Users/jungil/.m2/repository/org/apache/geronimo/specs/geronimo-annotation_1.0_spec/1.1.1/geronimo-annotation_1.0_spec-1.1.1.jar:/Users/jungil/.m2/repository/asm/asm-commons/3.1/asm-commons-3.1.jar:/Users/jungil/.m2/repository/asm/asm-tree/3.1/asm-tree-3.1.jar:/Users/jungil/.m2/repository/asm/asm/3.1/asm-3.1.jar:/Users/jungil/.m2/repository/org/eclipse/jetty/orbit/javax.servlet/3.0.0.v201112011016/javax.servlet-3.0.0.v201112011016.jar:/Users/jungil/.m2/repository/org/apache/logging/log4j/log4j-web/2.6.2/log4j-web-2.6.2.jar:/Users/jungil/.m2/repository/com/tdunning/json/1.8/json-1.8.jar:/Users/jungil/.m2/repository/io/dropwizard/metrics/metrics-core/3.1.0/metrics-core-3.1.0.jar:/Users/jungil/.m2/repository/io/dropwizard/metrics/metrics-jvm/3.1.0/metrics-jvm-3.1.0.jar:/Users/jungil/.m2/repository/io/dropwizard/metrics/metrics-json/3.1.0/metrics-json-3.1.0.jar:/Users/jungil/.m2/repository/com/fasterxml/jackson/core/jackson-databind/2.6.5/jackson-databind-2.6.5.jar:/Users/jungil/.m2/repository/com/fasterxml/jackson/core/jackson-annotations/2.6.0/jackson-annotations-2.6.0.jar:/Users/jungil/.m2/repository/com/fasterxml/jackson/core/jackson-core/2.6.5/jackson-core-2.6.5.jar:/Users/jungil/.m2/repository/com/github/joshelser/dropwizard-metrics-hadoop-metrics2-reporter/0.1.2/dropwizard-metrics-hadoop-metrics2-reporter-0.1.2.jar:/Users/jungil/.m2/repository/org/apache/hive/hive-llap-client/2.3.2/hive-llap-client-2.3.2.jar:/Users/jungil/.m2/repository/org/apache/hive/hive-llap-common/2.3.2/hive-llap-common-2.3.2.jar:/Users/jungil/.m2/repository/org/apache/hive/hive-serde/2.3.2/hive-serde-2.3.2.jar:/Users/jungil/.m2/repository/org/apache/hive/hive-service-rpc/2.3.2/hive-service-rpc-2.3.2.jar:/Users/jungil/.m2/repository/tomcat/jasper-compiler/5.5.23/jasper-compiler-5.5.23.jar:/Users/jungil/.m2/repository/javax/servlet/jsp-api/2.0/jsp-api-2.0.jar:/Users/jungil/.m2/repository/ant/ant/1.6.5/ant-1.6.5.jar:/Users/jungil/.m2/repository/tomcat/jasper-runtime/5.5.23/jasper-runtime-5.5.23.jar:/Users/jungil/.m2/repository/commons-el/commons-el/1.0/commons-el-1.0.jar:/Users/jungil/.m2/repository/org/apache/thrift/libfb303/0.9.3/libfb303-0.9.3.jar:/Users/jungil/.m2/repository/net/sf/opencsv/opencsv/2.3/opencsv-2.3.jar:/Users/jungil/.m2/repository/org/apache/parquet/parquet-hadoop-bundle/1.8.1/parquet-hadoop-bundle-1.8.1.jar:/Users/jungil/.m2/repository/org/apache/commons/commons-lang3/3.1/commons-lang3-3.1.jar:/Users/jungil/.m2/repository/org/apache/hive/hive-shims/2.3.2/hive-shims-2.3.2.jar:/Users/jungil/.m2/repository/org/apache/hive/shims/hive-shims-common/2.3.2/hive-shims-common-2.3.2.jar:/Users/jungil/.m2/repository/org/apache/thrift/libthrift/0.9.3/libthrift-0.9.3.jar:/Users/jungil/.m2/repository/org/apache/hive/shims/hive-shims-0.23/2.3.2/hive-shims-0.23-2.3.2.jar:/Users/jungil/.m2/repository/org/apache/hadoop/hadoop-yarn-server-resourcemanager/2.7.2/hadoop-yarn-server-resourcemanager-2.7.2.jar:/Users/jungil/.m2/repository/com/google/inject/extensions/guice-servlet/3.0/guice-servlet-3.0.jar:/Users/jungil/.m2/repository/com/google/inject/guice/3.0/guice-3.0.jar:/Users/jungil/.m2/repository/javax/inject/javax.inject/1/javax.inject-1.jar:/Users/jungil/.m2/repository/aopalliance/aopalliance/1.0/aopalliance-1.0.jar:/Users/jungil/.m2/repository/com/sun/jersey/jersey-json/1.9/jersey-json-1.9.jar:/Users/jungil/.m2/repository/com/sun/xml/bind/jaxb-impl/2.2.3-1/jaxb-impl-2.2.3-1.jar:/Users/jungil/.m2/repository/com/sun/jersey/contribs/jersey-guice/1.9/jersey-guice-1.9.jar:/Users/jungil/.m2/repository/com/sun/jersey/jersey-server/1.9/jersey-server-1.9.jar:/Users/jungil/.m2/repository/org/codehaus/jettison/jettison/1.1/jettison-1.1.jar:/Users/jungil/.m2/repository/org/apache/hadoop/hadoop-yarn-server-applicationhistoryservice/2.7.2/hadoop-yarn-server-applicationhistoryservice-2.7.2.jar:/Users/jungil/.m2/repository/org/apache/hadoop/hadoop-yarn-server-web-proxy/2.7.2/hadoop-yarn-server-web-proxy-2.7.2.jar:/Users/jungil/.m2/repository/org/mortbay/jetty/jetty/6.1.26/jetty-6.1.26.jar:/Users/jungil/.m2/repository/org/apache/zookeeper/zookeeper/3.4.6/zookeeper-3.4.6-tests.jar:/Users/jungil/.m2/repository/org/apache/hive/shims/hive-shims-scheduler/2.3.2/hive-shims-scheduler-2.3.2.jar:/Users/jungil/.m2/repository/commons-codec/commons-codec/1.4/commons-codec-1.4.jar:/Users/jungil/.m2/repository/commons-httpclient/commons-httpclient/3.0.1/commons-httpclient-3.0.1.jar:/Users/jungil/.m2/repository/commons-io/commons-io/2.4/commons-io-2.4.jar:/Users/jungil/.m2/repository/org/apache/logging/log4j/log4j-1.2-api/2.6.2/log4j-1.2-api-2.6.2.jar:/Users/jungil/.m2/repository/org/apache/logging/log4j/log4j-api/2.6.2/log4j-api-2.6.2.jar:/Users/jungil/.m2/repository/org/apache/logging/log4j/log4j-core/2.6.2/log4j-core-2.6.2.jar:/Users/jungil/.m2/repository/org/apache/logging/log4j/log4j-slf4j-impl/2.6.2/log4j-slf4j-impl-2.6.2.jar:/Users/jungil/.m2/repository/org/antlr/antlr-runtime/3.5.2/antlr-runtime-3.5.2.jar:/Users/jungil/.m2/repository/org/antlr/ST4/4.0.4/ST4-4.0.4.jar:/Users/jungil/.m2/repository/org/apache/ant/ant/1.9.1/ant-1.9.1.jar:/Users/jungil/.m2/repository/org/apache/ant/ant-launcher/1.9.1/ant-launcher-1.9.1.jar:/Users/jungil/.m2/repository/org/apache/commons/commons-compress/1.9/commons-compress-1.9.jar:/Users/jungil/.m2/repository/org/apache/ivy/ivy/2.4.0/ivy-2.4.0.jar:/Users/jungil/.m2/repository/org/apache/zookeeper/zookeeper/3.4.6/zookeeper-3.4.6.jar:/Users/jungil/.m2/repository/jline/jline/0.9.94/jline-0.9.94.jar:/Users/jungil/.m2/repository/org/apache/curator/curator-framework/2.7.1/curator-framework-2.7.1.jar:/Users/jungil/.m2/repository/org/codehaus/groovy/groovy-all/2.4.4/groovy-all-2.4.4.jar:/Users/jungil/.m2/repository/org/datanucleus/datanucleus-core/4.1.17/datanucleus-core-4.1.17.jar:/Users/jungil/.m2/repository/org/apache/calcite/calcite-core/1.10.0/calcite-core-1.10.0.jar:/Users/jungil/.m2/repository/org/apache/calcite/calcite-linq4j/1.10.0/calcite-linq4j-1.10.0.jar:/Users/jungil/.m2/repository/commons-dbcp/commons-dbcp/1.4/commons-dbcp-1.4.jar:/Users/jungil/.m2/repository/commons-pool/commons-pool/1.5.4/commons-pool-1.5.4.jar:/Users/jungil/.m2/repository/net/hydromatic/eigenbase-properties/1.1.5/eigenbase-properties-1.1.5.jar:/Users/jungil/.m2/repository/org/codehaus/janino/janino/2.7.6/janino-2.7.6.jar:/Users/jungil/.m2/repository/org/codehaus/janino/commons-compiler/2.7.6/commons-compiler-2.7.6.jar:/Users/jungil/.m2/repository/org/pentaho/pentaho-aggdesigner-algorithm/5.1.5-jhyde/pentaho-aggdesigner-algorithm-5.1.5-jhyde.jar:/Users/jungil/.m2/repository/org/apache/calcite/calcite-druid/1.10.0/calcite-druid-1.10.0.jar:/Users/jungil/.m2/repository/joda-time/joda-time/2.8.1/joda-time-2.8.1.jar:/Users/jungil/.m2/repository/org/apache/calcite/avatica/avatica/1.8.0/avatica-1.8.0.jar:/Users/jungil/.m2/repository/org/apache/calcite/avatica/avatica-metrics/1.8.0/avatica-metrics-1.8.0.jar:/Users/jungil/.m2/repository/org/apache/httpcomponents/httpclient/4.5.2/httpclient-4.5.2.jar:/Users/jungil/.m2/repository/org/apache/httpcomponents/httpcore/4.4.4/httpcore-4.4.4.jar:/Users/jungil/.m2/repository/com/google/code/gson/gson/2.2.4/gson-2.2.4.jar:/Users/jungil/.m2/repository/stax/stax-api/1.0.1/stax-api-1.0.1.jar:/Users/jungil/.m2/repository/org/slf4j/slf4j-api/1.7.10/slf4j-api-1.7.10.jar:/Users/jungil/.m2/repository/junit/junit/4.8.2/junit-4.8.2.jar:"/>
    <property name="java.vm.specification.version" value="1.8"/>
    <property name="sun.arch.data.model" value="64"/>
    <property name="java.home" value="/Library/Java/JavaVirtualMachines/jdk1.8.0_172.jdk/Contents/Home/jre"/>
    <property name="sun.java.command" value="/Users/jungil/srcRepository/hiveudf/target/surefire/surefirebooter2663655272943878000.jar /Users/jungil/srcRepository/hiveudf/target/surefire/surefire677763333920579321tmp /Users/jungil/srcRepository/hiveudf/target/surefire/surefire7252757397294164374tmp"/>
    <property name="java.specification.vendor" value="Oracle Corporation"/>
    <property name="user.language" value="ko"/>
    <property name="user.language.format" value="ko-Kore"/>
    <property name="awt.toolkit" value="sun.lwawt.macosx.LWCToolkit"/>
    <property name="java.vm.info" value="mixed mode"/>
    <property name="java.version" value="1.8.0_172"/>
    <property name="java.ext.dirs" value="/Users/jungil/Library/Java/Extensions:/Library/Java/JavaVirtualMachines/jdk1.8.0_172.jdk/Contents/Home/jre/lib/ext:/Library/Java/Extensions:/Network/Library/Java/Extensions:/System/Library/Java/Extensions:/usr/lib/java"/>
    <property name="sun.boot.class.path" value="/Library/Java/JavaVirtualMachines/jdk1.8.0_172.jdk/Contents/Home/jre/lib/resources.jar:/Library/Java/JavaVirtualMachines/jdk1.8.0_172.jdk/Contents/Home/jre/lib/rt.jar:/Library/Java/JavaVirtualMachines/jdk1.8.0_172.jdk/Contents/Home/jre/lib/sunrsasign.jar:/Library/Java/JavaVirtualMachines/jdk1.8.0_172.jdk/Contents/Home/jre/lib/jsse.jar:/Library/Java/JavaVirtualMachines/jdk1.8.0_172.jdk/Contents/Home/jre/lib/jce.jar:/Library/Java/JavaVirtualMachines/jdk1.8.0_172.jdk/Contents/Home/jre/lib/charsets.jar:/Library/Java/JavaVirtualMachines/jdk1.8.0_172.jdk/Contents/Home/jre/lib/jfr.jar:/Library/Java/JavaVirtualMachines/jdk1.8.0_172.jdk/Contents/Home/jre/classes"/>
    <property name="java.vendor" value="Oracle Corporation"/>
    <property name="localRepository" value="/Users/jungil/.m2/repository"/>
    <property name="file.separator" value="/"/>
    <property name="java.vendor.url.bug" value="http://bugreport.sun.com/bugreport/"/>
    <property name="sun.cpu.endian" value="little"/>
    <property name="sun.io.unicode.encoding" value="UnicodeBig"/>
    <property name="socksNonProxyHosts" value="local|*.local|169.254/16|*.169.254/16"/>
    <property name="ftp.nonProxyHosts" value="local|*.local|169.254/16|*.169.254/16"/>
    <property name="sun.cpu.isalist" value=""/>
  </properties>
  <testcase classname="app.metatron.hiveudf.GetTimestampTest" name="testUDF2" time="0.02"/>
</testsuite>